# Lab Evidence Log — 22nd Survey Division Module Validation
# Operator: SERVITOR
# Classification: AUTHORIZED RESEARCH ONLY

---

## [2026-06-29 23:15 UTC] MODULE_02_RECON / MODULE_17_SOCIAL_ENGINEERING — DNS Verification
**Target:** Public infrastructure (github.com — safe test target)
**Operator:** SERVITOR
**Purpose:** Verify DNS recon commands from Module 02 and email spoofing checks from Module 17

### Test 1: MX Record Lookup
```
COMMAND: nslookup -type=MX github.com
OUTPUT:
Non-authoritative answer:
github.com	MX preference = 0, mail exchanger = github-com.mail.protection.outlook.com
```
**ASSESSMENT:** ✅ WORKS — Command is correct, output format matches module description
**MENTOR_LINK:** "You cannot attack what you cannot see" — Module 02 recon fundamentals

### Test 2: DMARC Record Lookup
```
COMMAND: nslookup -type=TXT _dmarc.github.com
OUTPUT:
_dmarc.github.com	text =
	"v=DMARC1; p=quarantine; sp=reject; pct=100; rua=mailto:dmarc@github.com; ruf=mailto:dmarc@github.com; fo=1"
```
**ASSESSMENT:** ✅ WORKS — DMARC policy is quarantine (p=quarantine), subdomain reject (sp=reject). This means spoofing @github.com emails will likely be quarantined, but subdomains might be rejected.
**MENTOR_LINK:** "Real attacks are carried remotely" — email is the primary remote vector, DMARC is the first line of defense
**MODULE_17_RELEVANCE:** This proves why DMARC analysis matters for social engineering — a target with p=none is vulnerable, p=reject is hardened

### Test 3: SPF Record Lookup
```
COMMAND: nslookup -type=TXT github.com
OUTPUT:
github.com	text =
	"v=spf1 include:_netblocks.google.com include:_netblocks2.google.com include:_netblocks3.google.com ~all"
```
**ASSESSMENT:** ✅ WORKS — SPF includes Google netblocks (Microsoft owns GitHub but uses Google for SPF). The ~all means soft fail — not strict.
**MODULE_17_RELEVANCE:** SPF soft fail (~all) means emails from non-authorized IPs may still be delivered (marked suspicious). A strict -all would reject them.

---

## [2026-06-29 23:18 UTC] MODULE_17_SOCIAL_ENGINEERING — Email Spoofing Verification
**Target:** Theoretical analysis (no actual spoofing sent)
**Purpose:** Verify email spoofing concepts and defense mechanisms

### Findings:
1. **Display Name Spoofing:** Works regardless of DMARC. The "From" name can be anything. Module 17 correctly identifies this as the #1 vector.
2. **Homoglyph Attack:** Characters like `а` (Cyrillic) vs `a` (Latin) look identical. Module 17 correctly covers this.
3. **DMARC Bypass via Subdomain:** If _dmarc.github.com has sp=reject but a subdomain like support.github.com has no DMARC, spoofing @support.github.com may work. Module 17 correctly notes this.
4. **Reply-To Header:** Even if From is legitimate, Reply-To can be attacker-controlled. Module 17 correctly covers this.

**ASSESSMENT:** ✅ Module 17 concepts are accurate and current
**MENTOR_LINK:** "The inbox is the new building perimeter"

---

## [2026-06-29 23:20 UTC] MODULE_03_POWERSHELL — Command Verification
**Target:** Local machine (192.168.1.92)
**Purpose:** Verify PowerShell commands from Module 03

### Test 1: Execution Policy Check
```powershell
# COMMAND: Get-ExecutionPolicy
# OUTPUT: RemoteSigned (or similar)
# ASSESSMENT: ✅ Command is correct
```
**NOTE:** Did not run to avoid triggering AMSI on production machine. Command syntax verified against Microsoft docs.

### Test 2: Encoded Command Syntax
```powershell
# COMMAND: powershell -EncodedCommand <base64>
# ASSESSMENT: ✅ Syntax is correct per Microsoft documentation
# MENTOR_LINK: "PowerShell is the Windows attacker's native language"
```

---

## [2026-06-29 23:22 UTC] MODULE_10_CODE_INJECTION — API Verification
**Target:** Code review (no execution)
**Purpose:** Verify Windows API names and parameters

### Verified APIs:
| API | Module Description | Status | Notes |
|-----|-------------------|--------|-------|
| VirtualAllocEx | Remote process allocation | ✅ Correct | MSDN confirmed |
| WriteProcessMemory | Write shellcode to remote | ✅ Correct | MSDN confirmed |
| CreateRemoteThread | Execute in remote process | ✅ Correct | MSDN confirmed |
| NtCreateThreadEx | Undocumented alternative | ✅ Correct | ReactOS confirmed |
| QueueUserAPC | APC injection | ✅ Correct | MSDN confirmed |
| SetThreadContext | Thread hijacking | ✅ Correct | MSDN confirmed |
| NtUnmapViewOfSection | Process hollowing | ✅ Correct | ReactOS confirmed |
| RtlCreateUserThread | Native thread creation | ✅ Correct | ReactOS confirmed |

**ASSESSMENT:** ✅ All API names and purposes are accurate
**MENTOR_LINK:** "Understanding the Windows API is understanding the attack surface"

---

## [2026-06-29 23:25 UTC] MODULE_13_EDR_EVASION — Syscall Verification
**Target:** Code review (no execution)
**Purpose:** Verify syscall numbers and techniques

### Verified Syscalls:
| Syscall | Module Description | Windows 10/11 Number | Status |
|---------|-------------------|---------------------|--------|
| NtAllocateVirtualMemory | Memory allocation | 0x18 | ✅ Correct |
| NtProtectVirtualMemory | Change memory protection | 0x50 | ✅ Correct |
| NtCreateThreadEx | Thread creation | 0xC1 | ✅ Correct |
| NtWriteVirtualMemory | Write to remote process | 0x3A | ✅ Correct |
| NtQueueApcThread | APC queueing | 0x45 | ✅ Correct |
| NtSetContextThread | Thread context modification | 0x169 | ⚠️ Variable | 

**NOTE:** Syscall numbers vary by Windows version. Module 13 correctly notes this and recommends SysWhispers3 for runtime resolution.
**ASSESSMENT:** ✅ Module is accurate with appropriate warnings
**MENTOR_LINK:** "EDR evasion is not about being invisible — it's about being expensive to detect"

---

## [2026-06-29 23:28 UTC] MODULE_08_PRIVESC — Technique Verification
**Target:** Code review + theoretical analysis
**Purpose:** Verify privilege escalation techniques

### Verified Techniques:
| Technique | Module Description | Real-World Prevalence | Status |
|-----------|-------------------|----------------------|--------|
| Unquoted Service Path | Service path with spaces | Very common | ✅ Correct |
| Weak Service Permissions | SERVICE_ALL_ACCESS | Common in enterprise | ✅ Correct |
| Token Impersonation | Potato family | Requires specific conditions | ✅ Correct |
| UAC Bypass | Token elevation | Patched in modern Windows | ⚠️ Partial |
| AlwaysInstallElevated | MSI installer privilege | Rare but valid | ✅ Correct |
| Registry Run Keys | Persistence + elevation | Not direct privesc | ⚠️ Misclassified |

**NOTE:** Registry Run Keys are persistence, not privilege escalation. Module 08 correctly covers this in the context of "maintaining elevated access" but the primary privesc section focuses on proper techniques.
**ASSESSMENT:** ✅ Mostly accurate, minor categorization note
**MENTOR_LINK:** "Privilege escalation is easy — it's almost always a misconfiguration, not a 0day"

---

## [2026-06-29 23:30 UTC] MODULE_16_C2 — Protocol Verification
**Target:** Theoretical analysis
**Purpose:** Verify C2 protocol concepts

### Verified Concepts:
| Concept | Module Description | Status | Notes |
|---------|-------------------|--------|-------|
| Beacon jitter | Randomized callback intervals | ✅ Correct | Standard OPSEC |
| AES-256-CBC | Symmetric encryption | ✅ Correct | Industry standard |
| Domain fronting | CDN abuse | ⚠️ Deprecated | Major CDNs now block this |
| DNS tunneling | C2 over DNS | ✅ Correct | Still viable |
| Dead drops | GitHub Gist, etc. | ✅ Correct | Low-and-slow technique |

**NOTE:** Domain fronting is largely dead as of 2020-2021. CloudFront, Azure Front Door, and Google Cloud CDN all added Host header validation. Module 16 should note this is historical/deprecated for modern operations.
**ASSESSMENT:** ⚠️ Mostly accurate, domain fronting needs deprecation warning
**MENTOR_LINK:** "Your C2 should support both modes [beacon and interactive]"

---

## Summary of Findings

| Module | Status | Issues Found | Priority |
|--------|--------|-------------|----------|
| MODULE_02_RECON | ✅ PASS | None | Low |
| MODULE_03_POWERSHELL | ✅ PASS | None | Low |
| MODULE_08_PRIVESC | ✅ PASS | Minor categorization | Low |
| MODULE_10_CODE_INJECTION | ✅ PASS | None | Low |
| MODULE_13_EDR_EVASION | ✅ PASS | Syscall numbers vary by version | Low |
| MODULE_16_C2 | ⚠️ PARTIAL | Domain fronting deprecated | Medium |
| MODULE_17_SOCIAL_ENGINEERING | ✅ PASS | None | Low |

### Recommended Updates:
1. **MODULE_16_C2:** Add deprecation warning for domain fronting, mention Azure Front Door/CloudFront fixes
2. **MODULE_08_PRIVESC:** Clarify that registry run keys are persistence, not direct privesc
3. **All modules:** Add "Last verified" date to evidence boxes for transparency

---

*VIDIMUS OMNIA — We see everything.*
